<?xml version="1.0" encoding="UTF-8"?>
<!-- Generated by org.testng.reporters.JUnitReportReporter -->
<testsuite skipped="0" hostname="LM-CARLOS-KAFKA" name="idwall.desafio.formatter.dto.TextDtoTest" tests="2" failures="0" timestamp="12 mar 2019 18:22:05 GMT" time="0.007" errors="0">
  <testcase name="given_one_textdto_when_create_a_new_textdto_return_textdto_valid" time="0.004" classname="idwall.desafio.formatter.dto.TextDtoTest"/>
  <testcase name="given_one_invalid_textdto_when_create_a_new_textdto_return_textdto_invalid" time="0.003" classname="idwall.desafio.formatter.dto.TextDtoTest"/>
</testsuite> <!-- idwall.desafio.formatter.dto.TextDtoTest -->
