<?xml version="1.0" encoding="UTF-8"?>
<!-- Generated by org.testng.reporters.JUnitReportReporter -->
<testsuite skipped="0" hostname="LM-CARLOS-KAFKA" name="idwall.desafio.formatter.api.TextFacadeTest" tests="1" failures="0" timestamp="12 mar 2019 18:30:21 GMT" time="0.018" errors="0">
  <testcase name="given_one_invalid_textdto_when_it_formats_return_invalid_result" time="0.018" classname="idwall.desafio.formatter.api.TextFacadeTest"/>
</testsuite> <!-- idwall.desafio.formatter.api.TextFacadeTest -->
