<?xml version="1.0" encoding="UTF-8"?>
<!-- Generated by org.testng.reporters.JUnitReportReporter -->
<testsuite skipped="0" hostname="LM-CARLOS-KAFKA" name="idwall.desafio.formatter.FormatterTests" tests="2" failures="0" timestamp="12 mar 2019 15:32:42 GMT" time="0.032" errors="0">
  <testcase name="given_one_text_and_limit_42_when_formatter_format_returns_expected_output_formatted" time="0.029" classname="idwall.desafio.formatter.FormatterTests"/>
  <testcase name="given_one_text_and_limit_42_when_formatter_format_returns_file_with_default_text" time="0.003" classname="idwall.desafio.formatter.FormatterTests"/>
</testsuite> <!-- idwall.desafio.formatter.FormatterTests -->
