<?xml version="1.0" encoding="UTF-8"?>
<!-- Generated by org.testng.reporters.JUnitReportReporter -->
<testsuite skipped="0" hostname="LM-CARLOS-KAFKA" name="idwall.desafio.formatter.factory.TextFactoryTest" tests="1" failures="0" timestamp="12 mar 2019 18:34:03 GMT" time="0.017" errors="0">
  <testcase name="given_one_new_textdto_when_factory_convert_to_domain_returns_text" time="0.017" classname="idwall.desafio.formatter.factory.TextFactoryTest"/>
</testsuite> <!-- idwall.desafio.formatter.factory.TextFactoryTest -->
