<?xml version="1.0" encoding="UTF-8"?>
<!-- Generated by org.testng.reporters.JUnitReportReporter -->
<testsuite skipped="0" hostname="LM-CARLOS-KAFKA" name="idwall.desafio.formatter.text.TextTest" tests="2" failures="0" timestamp="12 mar 2019 18:02:18 GMT" time="0.019" errors="0">
  <testcase name="given_one_text_and_limit_42_when_formatter_format_returns_expected_output_formatted" time="0.007" classname="idwall.desafio.formatter.text.TextTest"/>
  <testcase name="given_one_invalid_text_when_formatter_validate_input_and_format_lines_returns_expected_errors" time="0.012" classname="idwall.desafio.formatter.text.TextTest"/>
</testsuite> <!-- idwall.desafio.formatter.text.TextTest -->
