<?xml version="1.0" encoding="UTF-8"?>
<!-- Generated by org.testng.reporters.JUnitReportReporter -->
<testsuite skipped="0" hostname="LM-CARLOS-KAFKA" name="idwall.desafio.formatter.FormatterTest" tests="1" failures="0" timestamp="12 mar 2019 17:44:49 GMT" time="0.022" errors="0">
  <testcase name="given_one_invalid_text_when_formatter_validate_input_returns_expected_input_errors" time="0.022" classname="idwall.desafio.formatter.FormatterTest"/>
</testsuite> <!-- idwall.desafio.formatter.FormatterTest -->
