<?xml version="1.0" encoding="UTF-8"?>
<!-- Generated by org.testng.reporters.JUnitReportReporter -->
<testsuite skipped="0" hostname="LM-CARLOS-KAFKA" name="idwall.desafio.formatter.text.TextFactoryTest" tests="2" failures="0" timestamp="12 mar 2019 18:02:18 GMT" time="0.004" errors="0">
  <testcase name="given_one_new_text_when_factory_convert_to_dto_returns_textdto" time="0.003" classname="idwall.desafio.formatter.text.TextFactoryTest"/>
  <testcase name="given_one_new_textdto_when_factory_convert_to_domain_returns_text" time="0.001" classname="idwall.desafio.formatter.text.TextFactoryTest"/>
</testsuite> <!-- idwall.desafio.formatter.text.TextFactoryTest -->
