<?xml version="1.0" encoding="UTF-8"?>
<!-- Generated by org.testng.reporters.JUnitReportReporter -->
<testsuite skipped="0" hostname="LM-CARLOS-KAFKA" name="idwall.desafio.formatter.domain.TextTest" tests="1" failures="0" timestamp="12 mar 2019 18:36:42 GMT" time="0.014" errors="0">
  <testcase name="given_one_invalid_text_when_formatter_validate_input_and_format_lines_returns_expected_errors" time="0.014" classname="idwall.desafio.formatter.domain.TextTest"/>
</testsuite> <!-- idwall.desafio.formatter.domain.TextTest -->
